D:\DEV-C & VS\C++\CARO\GAME\GAME\DEBUG\PLAYER.OBJ
D:\DEV-C & VS\C++\CARO\GAME\GAME\DEBUG\VC110.PDB
D:\DEV-C & VS\C++\CARO\GAME\GAME\DEBUG\SOURCE.OBJ
D:\DEV-C & VS\C++\CARO\GAME\GAME\DEBUG\BOARD.OBJ
D:\DEV-C & VS\C++\CARO\GAME\DEBUG\GAME.ILK
D:\DEV-C & VS\C++\CARO\GAME\DEBUG\GAME.EXE
D:\DEV-C & VS\C++\CARO\GAME\DEBUG\GAME.PDB
D:\Dev-C & VS\C++\Caro\Game\Game\Debug\Board.obj
D:\Dev-C & VS\C++\Caro\Game\Game\Debug\Player.obj
D:\Dev-C & VS\C++\Caro\Game\Game\Debug\Source.obj
D:\Dev-C & VS\C++\Caro\Game\Game\Debug\cl.command.1.tlog
D:\Dev-C & VS\C++\Caro\Game\Game\Debug\CL.read.1.tlog
D:\Dev-C & VS\C++\Caro\Game\Game\Debug\CL.write.1.tlog
D:\Dev-C & VS\C++\Caro\Game\Game\Debug\link-cvtres.read.1.tlog
D:\Dev-C & VS\C++\Caro\Game\Game\Debug\link-cvtres.write.1.tlog
D:\Dev-C & VS\C++\Caro\Game\Game\Debug\link-rc.read.1.tlog
D:\Dev-C & VS\C++\Caro\Game\Game\Debug\link-rc.write.1.tlog
D:\Dev-C & VS\C++\Caro\Game\Game\Debug\link.14840-cvtres.read.1.tlog
D:\Dev-C & VS\C++\Caro\Game\Game\Debug\link.14840-cvtres.write.1.tlog
D:\Dev-C & VS\C++\Caro\Game\Game\Debug\link.14840-rc.read.1.tlog
D:\Dev-C & VS\C++\Caro\Game\Game\Debug\link.14840-rc.write.1.tlog
D:\Dev-C & VS\C++\Caro\Game\Game\Debug\link.14840.read.1.tlog
D:\Dev-C & VS\C++\Caro\Game\Game\Debug\link.14840.write.1.tlog
D:\Dev-C & VS\C++\Caro\Game\Game\Debug\link.command.1.tlog
D:\Dev-C & VS\C++\Caro\Game\Game\Debug\link.read.1.tlog
D:\Dev-C & VS\C++\Caro\Game\Game\Debug\link.write.1.tlog
D:\Dev-C & VS\C++\Caro\Game\Game\Debug\vc110.idb
D:\Dev-C & VS\C++\Caro\Game\Game\Debug\vc110.pdb
D:\Dev-C & VS\C++\Caro\Game\Debug\Game.pdb
